build/app/intermediates/manifest_merge_blame_file/release/manifest-merger-blame-release-report.txt
1<?xml version="1.0" encoding="utf-8"?>
2<manifest xmlns:android="http://schemas.android.com/apk/res/android"
3    package="com.kzn.ethanbaby"
4    android:versionCode="1"
5    android:versionName="1.0.0" >
6
7    <uses-sdk
8        android:minSdkVersion="21"
8-->src/main/AndroidManifest.xml
9        android:targetSdkVersion="30" />
9-->src/main/AndroidManifest.xml
10
11    <uses-permission android:name="android.permission.ACCESS_NETWORK_STATE" />
11-->[:firebase_analytics] AndroidManifest.xml:7:5-79
11-->[:firebase_analytics] AndroidManifest.xml:7:22-76
12    <uses-permission android:name="android.permission.INTERNET" />
12-->[:firebase_analytics] AndroidManifest.xml:8:5-67
12-->[:firebase_analytics] AndroidManifest.xml:8:22-64
13    <uses-permission android:name="android.permission.WAKE_LOCK" />
13-->[:firebase_analytics] AndroidManifest.xml:9:5-68
13-->[:firebase_analytics] AndroidManifest.xml:9:22-65
14    <uses-permission android:name="android.permission.RECEIVE_BOOT_COMPLETED" />
14-->[:flutter_local_notifications] AndroidManifest.xml:7:5-81
14-->[:flutter_local_notifications] AndroidManifest.xml:7:22-78
15    <uses-permission android:name="android.permission.VIBRATE" />
15-->[:flutter_local_notifications] AndroidManifest.xml:8:5-66
15-->[:flutter_local_notifications] AndroidManifest.xml:8:22-63
16    <uses-permission android:name="android.permission.USE_FULL_SCREEN_INTENT" />
16-->[:flutter_local_notifications] AndroidManifest.xml:9:5-81
16-->[:flutter_local_notifications] AndroidManifest.xml:9:22-78
17    <uses-permission android:name="android.permission.SCHEDULE_EXACT_ALARM" /> <!-- Required by older versions of Google Play services to create IID tokens -->
17-->[:flutter_local_notifications] AndroidManifest.xml:10:5-79
17-->[:flutter_local_notifications] AndroidManifest.xml:10:22-76
18    <uses-permission android:name="com.google.android.c2dm.permission.RECEIVE" />
18-->[com.google.firebase:firebase-messaging:23.0.4] AndroidManifest.xml:28:5-82
18-->[com.google.firebase:firebase-messaging:23.0.4] AndroidManifest.xml:28:22-79
19    <uses-permission android:name="com.google.android.gms.permission.AD_ID" />
19-->[com.google.android.gms:play-services-measurement-api:21.0.0] AndroidManifest.xml:25:5-79
19-->[com.google.android.gms:play-services-measurement-api:21.0.0] AndroidManifest.xml:25:22-76
20    <uses-permission android:name="com.google.android.finsky.permission.BIND_GET_INSTALL_REFERRER_SERVICE" />
20-->[com.google.android.gms:play-services-measurement:21.0.0] AndroidManifest.xml:26:5-110
20-->[com.google.android.gms:play-services-measurement:21.0.0] AndroidManifest.xml:26:22-107
21
22    <application
23        android:name="android.app.Application"
23-->src/main/AndroidManifest.xml:5:9-42
24        android:appComponentFactory="androidx.core.app.CoreComponentFactory"
24-->[androidx.core:core:1.6.0] AndroidManifest.xml:24:18-86
25        android:icon="@mipmap/ic_launcher"
25-->src/main/AndroidManifest.xml:6:9-43
26        android:label="Ethan Baby Wear and Accessories" >
26-->src/main/AndroidManifest.xml:4:9-56
27        <activity
27-->src/main/AndroidManifest.xml:7:9-27:20
28            android:name="com.kzn.ethanbaby.MainActivity"
28-->src/main/AndroidManifest.xml:8:13-41
29            android:configChanges="orientation|keyboardHidden|keyboard|screenSize|smallestScreenSize|locale|layoutDirection|fontScale|screenLayout|density|uiMode"
29-->src/main/AndroidManifest.xml:12:13-163
30            android:exported="true"
30-->src/main/AndroidManifest.xml:9:13-36
31            android:hardwareAccelerated="true"
31-->src/main/AndroidManifest.xml:13:13-47
32            android:launchMode="singleTop"
32-->src/main/AndroidManifest.xml:10:13-43
33            android:theme="@style/LaunchTheme"
33-->src/main/AndroidManifest.xml:11:13-47
34            android:windowSoftInputMode="adjustResize" >
34-->src/main/AndroidManifest.xml:14:13-55
35
36            <!--
37                 Specifies an Android theme to apply to this Activity as soon as
38                 the Android process has started. This theme is visible to the user
39                 while the Flutter UI initializes. After that, this theme continues
40                 to determine the Window background behind the Flutter UI.
41            -->
42            <meta-data
42-->src/main/AndroidManifest.xml:19:13-22:17
43                android:name="io.flutter.embedding.android.NormalTheme"
43-->src/main/AndroidManifest.xml:20:15-70
44                android:resource="@style/NormalTheme" />
44-->src/main/AndroidManifest.xml:21:15-52
45
46            <intent-filter>
46-->src/main/AndroidManifest.xml:23:13-26:29
47                <action android:name="android.intent.action.MAIN" />
47-->src/main/AndroidManifest.xml:24:17-68
47-->src/main/AndroidManifest.xml:24:25-66
48
49                <category android:name="android.intent.category.LAUNCHER" />
49-->src/main/AndroidManifest.xml:25:17-76
49-->src/main/AndroidManifest.xml:25:27-74
50            </intent-filter>
51        </activity>
52        <!--
53             Don't delete the meta-data below.
54             This is used by the Flutter tool to generate GeneratedPluginRegistrant.java
55        -->
56        <meta-data
56-->src/main/AndroidManifest.xml:30:9-32:33
57            android:name="flutterEmbedding"
57-->src/main/AndroidManifest.xml:31:13-44
58            android:value="2" />
58-->src/main/AndroidManifest.xml:32:13-30
59
60        <service
60-->[:cloud_firestore] AndroidManifest.xml:8:9-12:19
61            android:name="com.google.firebase.components.ComponentDiscoveryService"
61-->[:cloud_firestore] AndroidManifest.xml:8:18-89
62            android:directBootAware="true"
62-->[com.google.firebase:firebase-common:20.1.1] AndroidManifest.xml:35:13-43
63            android:exported="false" >
63-->[com.google.firebase:firebase-messaging:23.0.4] AndroidManifest.xml:54:13-37
64            <meta-data
64-->[:cloud_firestore] AndroidManifest.xml:9:13-11:85
65                android:name="com.google.firebase.components:io.flutter.plugins.firebase.firestore.FlutterFirebaseFirestoreRegistrar"
65-->[:cloud_firestore] AndroidManifest.xml:10:17-134
66                android:value="com.google.firebase.components.ComponentRegistrar" />
66-->[:cloud_firestore] AndroidManifest.xml:11:17-82
67            <meta-data
67-->[:firebase_analytics] AndroidManifest.xml:13:13-15:85
68                android:name="com.google.firebase.components:io.flutter.plugins.firebase.analytics.FlutterFirebaseAppRegistrar"
68-->[:firebase_analytics] AndroidManifest.xml:14:17-128
69                android:value="com.google.firebase.components.ComponentRegistrar" />
69-->[:firebase_analytics] AndroidManifest.xml:15:17-82
70            <meta-data
70-->[:firebase_auth] AndroidManifest.xml:9:13-11:85
71                android:name="com.google.firebase.components:io.flutter.plugins.firebase.auth.FlutterFirebaseAuthRegistrar"
71-->[:firebase_auth] AndroidManifest.xml:10:17-124
72                android:value="com.google.firebase.components.ComponentRegistrar" />
72-->[:firebase_auth] AndroidManifest.xml:11:17-82
73            <meta-data
73-->[:firebase_storage] AndroidManifest.xml:9:13-11:85
74                android:name="com.google.firebase.components:io.flutter.plugins.firebase.storage.FlutterFirebaseAppRegistrar"
74-->[:firebase_storage] AndroidManifest.xml:10:17-126
75                android:value="com.google.firebase.components.ComponentRegistrar" />
75-->[:firebase_storage] AndroidManifest.xml:11:17-82
76            <meta-data
76-->[:firebase_messaging] AndroidManifest.xml:34:13-36:85
77                android:name="com.google.firebase.components:io.flutter.plugins.firebase.messaging.FlutterFirebaseAppRegistrar"
77-->[:firebase_messaging] AndroidManifest.xml:35:17-128
78                android:value="com.google.firebase.components.ComponentRegistrar" />
78-->[:firebase_messaging] AndroidManifest.xml:36:17-82
79            <meta-data
79-->[:firebase_core] AndroidManifest.xml:9:13-11:85
80                android:name="com.google.firebase.components:io.flutter.plugins.firebase.core.FlutterFirebaseCoreRegistrar"
80-->[:firebase_core] AndroidManifest.xml:10:17-124
81                android:value="com.google.firebase.components.ComponentRegistrar" />
81-->[:firebase_core] AndroidManifest.xml:11:17-82
82            <meta-data
82-->[com.google.firebase:firebase-messaging:23.0.4] AndroidManifest.xml:55:13-57:85
83                android:name="com.google.firebase.components:com.google.firebase.messaging.FirebaseMessagingRegistrar"
83-->[com.google.firebase:firebase-messaging:23.0.4] AndroidManifest.xml:56:17-119
84                android:value="com.google.firebase.components.ComponentRegistrar" />
84-->[com.google.firebase:firebase-messaging:23.0.4] AndroidManifest.xml:57:17-82
85            <meta-data
85-->[com.google.firebase:firebase-datatransport:18.1.3] AndroidManifest.xml:28:13-30:85
86                android:name="com.google.firebase.components:com.google.firebase.datatransport.TransportRegistrar"
86-->[com.google.firebase:firebase-datatransport:18.1.3] AndroidManifest.xml:29:17-115
87                android:value="com.google.firebase.components.ComponentRegistrar" />
87-->[com.google.firebase:firebase-datatransport:18.1.3] AndroidManifest.xml:30:17-82
88            <meta-data
88-->[com.google.firebase:firebase-auth:21.0.3] AndroidManifest.xml:67:13-69:85
89                android:name="com.google.firebase.components:com.google.firebase.auth.FirebaseAuthRegistrar"
89-->[com.google.firebase:firebase-auth:21.0.3] AndroidManifest.xml:68:17-109
90                android:value="com.google.firebase.components.ComponentRegistrar" />
90-->[com.google.firebase:firebase-auth:21.0.3] AndroidManifest.xml:69:17-82
91            <meta-data
91-->[com.google.firebase:firebase-firestore:24.1.2] AndroidManifest.xml:20:13-22:85
92                android:name="com.google.firebase.components:com.google.firebase.firestore.FirestoreRegistrar"
92-->[com.google.firebase:firebase-firestore:24.1.2] AndroidManifest.xml:21:17-111
93                android:value="com.google.firebase.components.ComponentRegistrar" />
93-->[com.google.firebase:firebase-firestore:24.1.2] AndroidManifest.xml:22:17-82
94            <meta-data
94-->[com.google.firebase:firebase-storage:20.0.1] AndroidManifest.xml:33:13-35:85
95                android:name="com.google.firebase.components:com.google.firebase.storage.StorageRegistrar"
95-->[com.google.firebase:firebase-storage:20.0.1] AndroidManifest.xml:34:17-107
96                android:value="com.google.firebase.components.ComponentRegistrar" />
96-->[com.google.firebase:firebase-storage:20.0.1] AndroidManifest.xml:35:17-82
97            <meta-data
97-->[com.google.android.gms:play-services-measurement-api:21.0.0] AndroidManifest.xml:31:13-33:85
98                android:name="com.google.firebase.components:com.google.firebase.analytics.connector.internal.AnalyticsConnectorRegistrar"
98-->[com.google.android.gms:play-services-measurement-api:21.0.0] AndroidManifest.xml:32:17-139
99                android:value="com.google.firebase.components.ComponentRegistrar" />
99-->[com.google.android.gms:play-services-measurement-api:21.0.0] AndroidManifest.xml:33:17-82
100            <meta-data
100-->[com.google.firebase:firebase-installations:17.0.1] AndroidManifest.xml:18:13-20:85
101                android:name="com.google.firebase.components:com.google.firebase.installations.FirebaseInstallationsRegistrar"
101-->[com.google.firebase:firebase-installations:17.0.1] AndroidManifest.xml:19:17-127
102                android:value="com.google.firebase.components.ComponentRegistrar" />
102-->[com.google.firebase:firebase-installations:17.0.1] AndroidManifest.xml:20:17-82
103        </service>
104        <service
104-->[:firebase_messaging] AndroidManifest.xml:12:9-15:72
105            android:name="io.flutter.plugins.firebase.messaging.FlutterFirebaseMessagingBackgroundService"
105-->[:firebase_messaging] AndroidManifest.xml:13:13-107
106            android:exported="false"
106-->[:firebase_messaging] AndroidManifest.xml:14:13-37
107            android:permission="android.permission.BIND_JOB_SERVICE" />
107-->[:firebase_messaging] AndroidManifest.xml:15:13-69
108        <service
108-->[:firebase_messaging] AndroidManifest.xml:16:9-22:19
109            android:name="io.flutter.plugins.firebase.messaging.FlutterFirebaseMessagingService"
109-->[:firebase_messaging] AndroidManifest.xml:17:13-97
110            android:exported="false" >
110-->[:firebase_messaging] AndroidManifest.xml:18:13-37
111            <intent-filter>
111-->[:firebase_messaging] AndroidManifest.xml:19:13-21:29
112                <action android:name="com.google.firebase.MESSAGING_EVENT" />
112-->[:firebase_messaging] AndroidManifest.xml:20:17-78
112-->[:firebase_messaging] AndroidManifest.xml:20:25-75
113            </intent-filter>
114        </service>
115
116        <receiver
116-->[:firebase_messaging] AndroidManifest.xml:24:9-31:20
117            android:name="io.flutter.plugins.firebase.messaging.FlutterFirebaseMessagingReceiver"
117-->[:firebase_messaging] AndroidManifest.xml:25:13-98
118            android:exported="true"
118-->[:firebase_messaging] AndroidManifest.xml:26:13-36
119            android:permission="com.google.android.c2dm.permission.SEND" >
119-->[:firebase_messaging] AndroidManifest.xml:27:13-73
120            <intent-filter>
120-->[:firebase_messaging] AndroidManifest.xml:28:13-30:29
121                <action android:name="com.google.android.c2dm.intent.RECEIVE" />
121-->[:firebase_messaging] AndroidManifest.xml:29:17-81
121-->[:firebase_messaging] AndroidManifest.xml:29:25-78
122            </intent-filter>
123        </receiver>
124
125        <provider
125-->[:firebase_messaging] AndroidManifest.xml:39:9-43:38
126            android:name="io.flutter.plugins.firebase.messaging.FlutterFirebaseMessagingInitProvider"
126-->[:firebase_messaging] AndroidManifest.xml:40:13-102
127            android:authorities="com.kzn.ethanbaby.flutterfirebasemessaginginitprovider"
127-->[:firebase_messaging] AndroidManifest.xml:41:13-88
128            android:exported="false"
128-->[:firebase_messaging] AndroidManifest.xml:42:13-37
129            android:initOrder="99" />
129-->[:firebase_messaging] AndroidManifest.xml:43:13-35
130        <provider
130-->[:image_picker_android] AndroidManifest.xml:8:9-16:20
131            android:name="io.flutter.plugins.imagepicker.ImagePickerFileProvider"
131-->[:image_picker_android] AndroidManifest.xml:9:13-82
132            android:authorities="com.kzn.ethanbaby.flutter.image_provider"
132-->[:image_picker_android] AndroidManifest.xml:10:13-74
133            android:exported="false"
133-->[:image_picker_android] AndroidManifest.xml:11:13-37
134            android:grantUriPermissions="true" >
134-->[:image_picker_android] AndroidManifest.xml:12:13-47
135            <meta-data
135-->[:image_picker_android] AndroidManifest.xml:13:13-15:75
136                android:name="android.support.FILE_PROVIDER_PATHS"
136-->[:image_picker_android] AndroidManifest.xml:14:17-67
137                android:resource="@xml/flutter_image_picker_file_paths" />
137-->[:image_picker_android] AndroidManifest.xml:15:17-72
138        </provider>
139
140        <receiver
140-->[:flutter_local_notifications] AndroidManifest.xml:13:9-15:40
141            android:name="com.dexterous.flutterlocalnotifications.ScheduledNotificationReceiver"
141-->[:flutter_local_notifications] AndroidManifest.xml:14:13-97
142            android:exported="false" />
142-->[:flutter_local_notifications] AndroidManifest.xml:15:13-37
143        <receiver
143-->[:flutter_local_notifications] AndroidManifest.xml:16:9-25:20
144            android:name="com.dexterous.flutterlocalnotifications.ScheduledNotificationBootReceiver"
144-->[:flutter_local_notifications] AndroidManifest.xml:17:13-101
145            android:exported="false" >
145-->[:flutter_local_notifications] AndroidManifest.xml:18:13-37
146            <intent-filter>
146-->[:flutter_local_notifications] AndroidManifest.xml:19:13-24:29
147                <action android:name="android.intent.action.BOOT_COMPLETED" />
147-->[:flutter_local_notifications] AndroidManifest.xml:20:17-79
147-->[:flutter_local_notifications] AndroidManifest.xml:20:25-76
148                <action android:name="android.intent.action.MY_PACKAGE_REPLACED" />
148-->[:flutter_local_notifications] AndroidManifest.xml:21:17-84
148-->[:flutter_local_notifications] AndroidManifest.xml:21:25-81
149                <action android:name="android.intent.action.QUICKBOOT_POWERON" />
149-->[:flutter_local_notifications] AndroidManifest.xml:22:17-82
149-->[:flutter_local_notifications] AndroidManifest.xml:22:25-79
150                <action android:name="com.htc.intent.action.QUICKBOOT_POWERON" />
150-->[:flutter_local_notifications] AndroidManifest.xml:23:17-82
150-->[:flutter_local_notifications] AndroidManifest.xml:23:25-79
151            </intent-filter>
152        </receiver>
153
154        <activity
154-->[:url_launcher_android] AndroidManifest.xml:8:9-11:74
155            android:name="io.flutter.plugins.urllauncher.WebViewActivity"
155-->[:url_launcher_android] AndroidManifest.xml:9:13-74
156            android:exported="false"
156-->[:url_launcher_android] AndroidManifest.xml:10:13-37
157            android:theme="@android:style/Theme.NoTitleBar.Fullscreen" />
157-->[:url_launcher_android] AndroidManifest.xml:11:13-71
158
159        <uses-library
159-->[androidx.window:window:1.0.0-beta04] AndroidManifest.xml:25:9-27:40
160            android:name="androidx.window.extensions"
160-->[androidx.window:window:1.0.0-beta04] AndroidManifest.xml:26:13-54
161            android:required="false" />
161-->[androidx.window:window:1.0.0-beta04] AndroidManifest.xml:27:13-37
162        <uses-library
162-->[androidx.window:window:1.0.0-beta04] AndroidManifest.xml:28:9-30:40
163            android:name="androidx.window.sidecar"
163-->[androidx.window:window:1.0.0-beta04] AndroidManifest.xml:29:13-51
164            android:required="false" />
164-->[androidx.window:window:1.0.0-beta04] AndroidManifest.xml:30:13-37
165
166        <receiver
166-->[com.google.firebase:firebase-messaging:23.0.4] AndroidManifest.xml:31:9-38:20
167            android:name="com.google.firebase.iid.FirebaseInstanceIdReceiver"
167-->[com.google.firebase:firebase-messaging:23.0.4] AndroidManifest.xml:32:13-78
168            android:exported="true"
168-->[com.google.firebase:firebase-messaging:23.0.4] AndroidManifest.xml:33:13-36
169            android:permission="com.google.android.c2dm.permission.SEND" >
169-->[com.google.firebase:firebase-messaging:23.0.4] AndroidManifest.xml:34:13-73
170            <intent-filter>
170-->[:firebase_messaging] AndroidManifest.xml:28:13-30:29
171                <action android:name="com.google.android.c2dm.intent.RECEIVE" />
171-->[:firebase_messaging] AndroidManifest.xml:29:17-81
171-->[:firebase_messaging] AndroidManifest.xml:29:25-78
172            </intent-filter>
173        </receiver>
174        <!--
175             FirebaseMessagingService performs security checks at runtime,
176             but set to not exported to explicitly avoid allowing another app to call it.
177        -->
178        <service
178-->[com.google.firebase:firebase-messaging:23.0.4] AndroidManifest.xml:44:9-51:19
179            android:name="com.google.firebase.messaging.FirebaseMessagingService"
179-->[com.google.firebase:firebase-messaging:23.0.4] AndroidManifest.xml:45:13-82
180            android:directBootAware="true"
180-->[com.google.firebase:firebase-messaging:23.0.4] AndroidManifest.xml:46:13-43
181            android:exported="false" >
181-->[com.google.firebase:firebase-messaging:23.0.4] AndroidManifest.xml:47:13-37
182            <intent-filter android:priority="-500" >
182-->[:firebase_messaging] AndroidManifest.xml:19:13-21:29
183                <action android:name="com.google.firebase.MESSAGING_EVENT" />
183-->[:firebase_messaging] AndroidManifest.xml:20:17-78
183-->[:firebase_messaging] AndroidManifest.xml:20:25-75
184            </intent-filter>
185        </service>
186        <service
186-->[com.google.android.datatransport:transport-backend-cct:3.1.4] AndroidManifest.xml:29:9-35:19
187            android:name="com.google.android.datatransport.runtime.backends.TransportBackendDiscovery"
187-->[com.google.android.datatransport:transport-backend-cct:3.1.4] AndroidManifest.xml:30:13-103
188            android:exported="false" >
188-->[com.google.android.datatransport:transport-backend-cct:3.1.4] AndroidManifest.xml:31:13-37
189            <meta-data
189-->[com.google.android.datatransport:transport-backend-cct:3.1.4] AndroidManifest.xml:32:13-34:39
190                android:name="backend:com.google.android.datatransport.cct.CctBackendFactory"
190-->[com.google.android.datatransport:transport-backend-cct:3.1.4] AndroidManifest.xml:33:17-94
191                android:value="cct" />
191-->[com.google.android.datatransport:transport-backend-cct:3.1.4] AndroidManifest.xml:34:17-36
192        </service>
193        <service
193-->[com.google.android.datatransport:transport-runtime:3.1.4] AndroidManifest.xml:26:9-30:19
194            android:name="com.google.android.datatransport.runtime.scheduling.jobscheduling.JobInfoSchedulerService"
194-->[com.google.android.datatransport:transport-runtime:3.1.4] AndroidManifest.xml:27:13-117
195            android:exported="false"
195-->[com.google.android.datatransport:transport-runtime:3.1.4] AndroidManifest.xml:28:13-37
196            android:permission="android.permission.BIND_JOB_SERVICE" >
196-->[com.google.android.datatransport:transport-runtime:3.1.4] AndroidManifest.xml:29:13-69
197        </service>
198
199        <receiver
199-->[com.google.android.datatransport:transport-runtime:3.1.4] AndroidManifest.xml:32:9-34:40
200            android:name="com.google.android.datatransport.runtime.scheduling.jobscheduling.AlarmManagerSchedulerBroadcastReceiver"
200-->[com.google.android.datatransport:transport-runtime:3.1.4] AndroidManifest.xml:33:13-132
201            android:exported="false" />
201-->[com.google.android.datatransport:transport-runtime:3.1.4] AndroidManifest.xml:34:13-37
202
203        <activity
203-->[com.google.firebase:firebase-auth:21.0.3] AndroidManifest.xml:27:9-44:20
204            android:name="com.google.firebase.auth.internal.GenericIdpActivity"
204-->[com.google.firebase:firebase-auth:21.0.3] AndroidManifest.xml:28:13-80
205            android:excludeFromRecents="true"
205-->[com.google.firebase:firebase-auth:21.0.3] AndroidManifest.xml:29:13-46
206            android:exported="true"
206-->[com.google.firebase:firebase-auth:21.0.3] AndroidManifest.xml:30:13-36
207            android:launchMode="singleTask"
207-->[com.google.firebase:firebase-auth:21.0.3] AndroidManifest.xml:31:13-44
208            android:theme="@android:style/Theme.Translucent.NoTitleBar" >
208-->[com.google.firebase:firebase-auth:21.0.3] AndroidManifest.xml:32:13-72
209            <intent-filter>
209-->[com.google.firebase:firebase-auth:21.0.3] AndroidManifest.xml:33:13-43:29
210                <action android:name="android.intent.action.VIEW" />
210-->[com.google.firebase:firebase-auth:21.0.3] AndroidManifest.xml:34:17-69
210-->[com.google.firebase:firebase-auth:21.0.3] AndroidManifest.xml:34:25-66
211
212                <category android:name="android.intent.category.DEFAULT" />
212-->[com.google.firebase:firebase-auth:21.0.3] AndroidManifest.xml:36:17-76
212-->[com.google.firebase:firebase-auth:21.0.3] AndroidManifest.xml:36:27-73
213                <category android:name="android.intent.category.BROWSABLE" />
213-->[com.google.firebase:firebase-auth:21.0.3] AndroidManifest.xml:37:17-78
213-->[com.google.firebase:firebase-auth:21.0.3] AndroidManifest.xml:37:27-75
214
215                <data
215-->[com.google.firebase:firebase-auth:21.0.3] AndroidManifest.xml:39:17-42:51
216                    android:host="firebase.auth"
216-->[com.google.firebase:firebase-auth:21.0.3] AndroidManifest.xml:40:21-49
217                    android:path="/"
217-->[com.google.firebase:firebase-auth:21.0.3] AndroidManifest.xml:41:21-37
218                    android:scheme="genericidp" />
218-->[com.google.firebase:firebase-auth:21.0.3] AndroidManifest.xml:42:21-48
219            </intent-filter>
220        </activity>
221        <activity
221-->[com.google.firebase:firebase-auth:21.0.3] AndroidManifest.xml:45:9-62:20
222            android:name="com.google.firebase.auth.internal.RecaptchaActivity"
222-->[com.google.firebase:firebase-auth:21.0.3] AndroidManifest.xml:46:13-79
223            android:excludeFromRecents="true"
223-->[com.google.firebase:firebase-auth:21.0.3] AndroidManifest.xml:47:13-46
224            android:exported="true"
224-->[com.google.firebase:firebase-auth:21.0.3] AndroidManifest.xml:48:13-36
225            android:launchMode="singleTask"
225-->[com.google.firebase:firebase-auth:21.0.3] AndroidManifest.xml:49:13-44
226            android:theme="@android:style/Theme.Translucent.NoTitleBar" >
226-->[com.google.firebase:firebase-auth:21.0.3] AndroidManifest.xml:50:13-72
227            <intent-filter>
227-->[com.google.firebase:firebase-auth:21.0.3] AndroidManifest.xml:51:13-61:29
228                <action android:name="android.intent.action.VIEW" />
228-->[com.google.firebase:firebase-auth:21.0.3] AndroidManifest.xml:34:17-69
228-->[com.google.firebase:firebase-auth:21.0.3] AndroidManifest.xml:34:25-66
229
230                <category android:name="android.intent.category.DEFAULT" />
230-->[com.google.firebase:firebase-auth:21.0.3] AndroidManifest.xml:36:17-76
230-->[com.google.firebase:firebase-auth:21.0.3] AndroidManifest.xml:36:27-73
231                <category android:name="android.intent.category.BROWSABLE" />
231-->[com.google.firebase:firebase-auth:21.0.3] AndroidManifest.xml:37:17-78
231-->[com.google.firebase:firebase-auth:21.0.3] AndroidManifest.xml:37:27-75
232
233                <data
233-->[com.google.firebase:firebase-auth:21.0.3] AndroidManifest.xml:39:17-42:51
234                    android:host="firebase.auth"
234-->[com.google.firebase:firebase-auth:21.0.3] AndroidManifest.xml:40:21-49
235                    android:path="/"
235-->[com.google.firebase:firebase-auth:21.0.3] AndroidManifest.xml:41:21-37
236                    android:scheme="recaptcha" />
236-->[com.google.firebase:firebase-auth:21.0.3] AndroidManifest.xml:42:21-48
237            </intent-filter>
238        </activity>
239
240        <provider
240-->[com.google.firebase:firebase-common:20.1.1] AndroidManifest.xml:26:9-31:39
241            android:name="com.google.firebase.provider.FirebaseInitProvider"
241-->[com.google.firebase:firebase-common:20.1.1] AndroidManifest.xml:27:13-77
242            android:authorities="com.kzn.ethanbaby.firebaseinitprovider"
242-->[com.google.firebase:firebase-common:20.1.1] AndroidManifest.xml:28:13-72
243            android:directBootAware="true"
243-->[com.google.firebase:firebase-common:20.1.1] AndroidManifest.xml:29:13-43
244            android:exported="false"
244-->[com.google.firebase:firebase-common:20.1.1] AndroidManifest.xml:30:13-37
245            android:initOrder="100" />
245-->[com.google.firebase:firebase-common:20.1.1] AndroidManifest.xml:31:13-36
246
247        <receiver
247-->[com.google.android.gms:play-services-measurement:21.0.0] AndroidManifest.xml:29:9-33:20
248            android:name="com.google.android.gms.measurement.AppMeasurementReceiver"
248-->[com.google.android.gms:play-services-measurement:21.0.0] AndroidManifest.xml:30:13-85
249            android:enabled="true"
249-->[com.google.android.gms:play-services-measurement:21.0.0] AndroidManifest.xml:31:13-35
250            android:exported="false" >
250-->[com.google.android.gms:play-services-measurement:21.0.0] AndroidManifest.xml:32:13-37
251        </receiver>
252
253        <service
253-->[com.google.android.gms:play-services-measurement:21.0.0] AndroidManifest.xml:35:9-38:40
254            android:name="com.google.android.gms.measurement.AppMeasurementService"
254-->[com.google.android.gms:play-services-measurement:21.0.0] AndroidManifest.xml:36:13-84
255            android:enabled="true"
255-->[com.google.android.gms:play-services-measurement:21.0.0] AndroidManifest.xml:37:13-35
256            android:exported="false" />
256-->[com.google.android.gms:play-services-measurement:21.0.0] AndroidManifest.xml:38:13-37
257        <service
257-->[com.google.android.gms:play-services-measurement:21.0.0] AndroidManifest.xml:39:9-43:72
258            android:name="com.google.android.gms.measurement.AppMeasurementJobService"
258-->[com.google.android.gms:play-services-measurement:21.0.0] AndroidManifest.xml:40:13-87
259            android:enabled="true"
259-->[com.google.android.gms:play-services-measurement:21.0.0] AndroidManifest.xml:41:13-35
260            android:exported="false"
260-->[com.google.android.gms:play-services-measurement:21.0.0] AndroidManifest.xml:42:13-37
261            android:permission="android.permission.BIND_JOB_SERVICE" />
261-->[com.google.android.gms:play-services-measurement:21.0.0] AndroidManifest.xml:43:13-69
262
263        <activity
263-->[com.google.android.gms:play-services-auth:20.0.1] AndroidManifest.xml:23:9-27:75
264            android:name="com.google.android.gms.auth.api.signin.internal.SignInHubActivity"
264-->[com.google.android.gms:play-services-auth:20.0.1] AndroidManifest.xml:24:13-93
265            android:excludeFromRecents="true"
265-->[com.google.android.gms:play-services-auth:20.0.1] AndroidManifest.xml:25:13-46
266            android:exported="false"
266-->[com.google.android.gms:play-services-auth:20.0.1] AndroidManifest.xml:26:13-37
267            android:theme="@android:style/Theme.Translucent.NoTitleBar" />
267-->[com.google.android.gms:play-services-auth:20.0.1] AndroidManifest.xml:27:13-72
268        <!--